<?xml version="1.0" encoding="utf-8"?><testsuites name="pytest tests"><testsuite name="pytest" errors="0" failures="0" skipped="0" tests="8" time="1.406" timestamp="2026-07-06T10:45:32.587142+00:00" hostname="agent-env-92731ebd-e419-449f-8c6d-a38205091d59"><testcase classname="tests.test_contact.TestContact" name="test_root" time="0.221" /><testcase classname="tests.test_contact.TestContact" name="test_create_contact_valid" time="0.116" /><testcase classname="tests.test_contact.TestContact" name="test_create_contact_minimal" time="0.125" /><testcase classname="tests.test_contact.TestContact" name="test_create_contact_invalid_email" time="0.101" /><testcase classname="tests.test_contact.TestContact" name="test_create_contact_short_message" time="0.129" /><testcase classname="tests.test_contact.TestContact" name="test_create_contact_short_name" time="0.103" /><testcase classname="tests.test_contact.TestContact" name="test_list_contacts" time="0.094" /><testcase classname="tests.test_contact.TestContact" name="test_persistence_after_create" time="0.161" /></testsuite></testsuites>